#
# There is insufficient memory for the Java Runtime Environment to continue.
# Native memory allocation (malloc) failed to allocate 1306096 bytes for Chunk::new
# Possible reasons:
#   The system is out of physical RAM or swap space
#   The process is running with CompressedOops enabled, and the Java Heap may be blocking the growth of the native heap
# Possible solutions:
#   Reduce memory load on the system
#   Increase physical memory or swap space
#   Check if swap backing store is full
#   Decrease Java heap size (-Xmx/-Xms)
#   Decrease number of Java threads
#   Decrease Java thread stack sizes (-Xss)
#   Set larger code cache with -XX:ReservedCodeCacheSize=
#   JVM is running with Unscaled Compressed Oops mode in which the Java heap is
#     placed in the first 4GB address space. The Java Heap base address is the
#     maximum limit for the native heap growth. Please use -XX:HeapBaseMinAddress
#     to set the Java Heap base and to place the Java Heap above 4GB virtual address.
# This output file may be truncated or incomplete.
#
#  Out of Memory Error (./src/hotspot/share/memory/arena.cpp:197), pid=7648, tid=11756
#
# JRE version: OpenJDK Runtime Environment (11.0.11+9) (build 11.0.11+9-b60-7590822)
# Java VM: OpenJDK 64-Bit Server VM (11.0.11+9-b60-7590822, mixed mode, tiered, compressed oops, g1 gc, windows-amd64)
# No core dump will be written. Minidumps are not enabled by default on client versions of Windows
#

---------------  S U M M A R Y ------------

Command Line: --add-opens=java.base/java.util=ALL-UNNAMED --add-opens=java.base/java.lang=ALL-UNNAMED --add-opens=java.base/java.lang.invoke=ALL-UNNAMED --add-opens=java.base/java.util=ALL-UNNAMED --add-opens=java.prefs/java.util.prefs=ALL-UNNAMED --add-opens=java.prefs/java.util.prefs=ALL-UNNAMED --add-opens=java.base/java.nio.charset=ALL-UNNAMED --add-opens=java.base/java.net=ALL-UNNAMED --add-opens=java.base/java.util.concurrent.atomic=ALL-UNNAMED -Xmx2048m -Dfile.encoding=UTF-8 -Duser.country=RU -Duser.language=ru -Duser.variant org.gradle.launcher.daemon.bootstrap.GradleDaemon 7.2

Host: Intel(R) Core(TM) i7-9700F CPU @ 3.00GHz, 8 cores, 15G,  Windows 10 , 64 bit Build 19041 (10.0.19041.1348)
Time: Thu Mar 31 22:08:25 2022 RTZ 2 (зима) elapsed time: 1.069837 seconds (0d 0h 0m 1s)

---------------  T H R E A D  ---------------

Current thread (0x0000025ceb588800):  JavaThread "C2 CompilerThread2" daemon [_thread_in_native, id=11756, stack(0x0000006217300000,0x0000006217400000)]


Current CompileTask:
C2:   1069 1859   !   4       java.lang.ClassLoader::loadClass (122 bytes)

Stack: [0x0000006217300000,0x0000006217400000]
Native frames: (J=compiled Java code, j=interpreted, Vv=VM code, C=native code)
V  [jvm.dll+0x5f214a]
V  [jvm.dll+0x726fb5]
V  [jvm.dll+0x7285cd]
V  [jvm.dll+0x728c83]
V  [jvm.dll+0x243278]
V  [jvm.dll+0xbc53c]
V  [jvm.dll+0xbca3c]
V  [jvm.dll+0x353e7d]
V  [jvm.dll+0x321893]
V  [jvm.dll+0x320d8a]
V  [jvm.dll+0x1fc1e2]
V  [jvm.dll+0x1fb3d4]
V  [jvm.dll+0x183d6c]
V  [jvm.dll+0x209a57]
V  [jvm.dll+0x2082a1]
V  [jvm.dll+0x6ef58f]
V  [jvm.dll+0x6e80b5]
V  [jvm.dll+0x5f1036]
C  [ucrtbase.dll+0x21bb2]
C  [KERNEL32.DLL+0x17034]
C  [ntdll.dll+0x52651]


---------------  P R O C E S S  ---------------

Threads class SMR info:
_java_thread_list=0x0000025ced0bdab0, length=25, elements={
0x0000025ccd31e800, 0x0000025ce9fbb000, 0x0000025ce9fc6800, 0x0000025ce9fe3000,
0x0000025ce9fe5000, 0x0000025ce9fe6000, 0x0000025cea02b800, 0x0000025cea02c000,
0x0000025cea030000, 0x0000025cea19f000, 0x0000025cea376800, 0x0000025ceb588800,
0x0000025cec5a9800, 0x0000025ceb99d800, 0x0000025ced178800, 0x0000025ced26f000,
0x0000025cec4da800, 0x0000025cec50a000, 0x0000025ced707000, 0x0000025ceb187800,
0x0000025cec124800, 0x0000025cecfe9800, 0x0000025cecfe8000, 0x0000025cecfe7000,
0x0000025cecfe4800
}

Java Threads: ( => current thread )
  0x0000025ccd31e800 JavaThread "main" [_thread_blocked, id=9660, stack(0x0000006215c00000,0x0000006215d00000)]
  0x0000025ce9fbb000 JavaThread "Reference Handler" daemon [_thread_blocked, id=6152, stack(0x0000006216300000,0x0000006216400000)]
  0x0000025ce9fc6800 JavaThread "Finalizer" daemon [_thread_blocked, id=6760, stack(0x0000006216400000,0x0000006216500000)]
  0x0000025ce9fe3000 JavaThread "Signal Dispatcher" daemon [_thread_blocked, id=2420, stack(0x0000006216500000,0x0000006216600000)]
  0x0000025ce9fe5000 JavaThread "Attach Listener" daemon [_thread_blocked, id=13192, stack(0x0000006216600000,0x0000006216700000)]
  0x0000025ce9fe6000 JavaThread "Service Thread" daemon [_thread_blocked, id=12556, stack(0x0000006216700000,0x0000006216800000)]
  0x0000025cea02b800 JavaThread "C2 CompilerThread0" daemon [_thread_blocked, id=496, stack(0x0000006216800000,0x0000006216900000)]
  0x0000025cea02c000 JavaThread "C1 CompilerThread0" daemon [_thread_blocked, id=8960, stack(0x0000006216900000,0x0000006216a00000)]
  0x0000025cea030000 JavaThread "Sweeper thread" daemon [_thread_blocked, id=3404, stack(0x0000006216a00000,0x0000006216b00000)]
  0x0000025cea19f000 JavaThread "Common-Cleaner" daemon [_thread_blocked, id=8780, stack(0x0000006216b00000,0x0000006216c00000)]
  0x0000025cea376800 JavaThread "C2 CompilerThread1" daemon [_thread_blocked, id=10624, stack(0x0000006216d00000,0x0000006216e00000)]
=>0x0000025ceb588800 JavaThread "C2 CompilerThread2" daemon [_thread_in_native, id=11756, stack(0x0000006217300000,0x0000006217400000)]
  0x0000025cec5a9800 JavaThread "Daemon health stats" [_thread_blocked, id=6180, stack(0x0000006217400000,0x0000006217500000)]
  0x0000025ceb99d800 JavaThread "Incoming local TCP Connector on port 4748" [_thread_in_native, id=5084, stack(0x0000006217500000,0x0000006217600000)]
  0x0000025ced178800 JavaThread "Daemon periodic checks" [_thread_blocked, id=8812, stack(0x0000006217600000,0x0000006217700000)]
  0x0000025ced26f000 JavaThread "Daemon" [_thread_blocked, id=2556, stack(0x0000006217700000,0x0000006217800000)]
  0x0000025cec4da800 JavaThread "Handler for socket connection from /127.0.0.1:4748 to /127.0.0.1:4749" [_thread_in_native, id=3328, stack(0x0000006217800000,0x0000006217900000)]
  0x0000025cec50a000 JavaThread "Cancel handler" [_thread_blocked, id=10428, stack(0x0000006217900000,0x0000006217a00000)]
  0x0000025ced707000 JavaThread "Daemon worker" [_thread_in_vm, id=13260, stack(0x0000006217a00000,0x0000006217b00000)]
  0x0000025ceb187800 JavaThread "Asynchronous log dispatcher for DefaultDaemonConnection: socket connection from /127.0.0.1:4748 to /127.0.0.1:4749" [_thread_blocked, id=5184, stack(0x0000006217b00000,0x0000006217c00000)]
  0x0000025cec124800 JavaThread "Stdin handler" [_thread_blocked, id=7640, stack(0x0000006217c00000,0x0000006217d00000)]
  0x0000025cecfe9800 JavaThread "Daemon client event forwarder" [_thread_blocked, id=7644, stack(0x0000006217d00000,0x0000006217e00000)]
  0x0000025cecfe8000 JavaThread "Cache worker for journal cache (C:\Users\Realist\.gradle\caches\journal-1)" [_thread_blocked, id=1720, stack(0x0000006217e00000,0x0000006217f00000)]
  0x0000025cecfe7000 JavaThread "File lock request listener" [_thread_in_native, id=6608, stack(0x0000006217f00000,0x0000006218000000)]
  0x0000025cecfe4800 JavaThread "Cache worker for file hash cache (C:\Users\Realist\.gradle\caches\7.2\fileHashes)" [_thread_blocked, id=11920, stack(0x0000006218000000,0x0000006218100000)]

Other Threads:
  0x0000025ce9fb9800 VMThread "VM Thread" [stack: 0x0000006216200000,0x0000006216300000] [id=6396]
  0x0000025cea1a7800 WatcherThread [stack: 0x0000006216c00000,0x0000006216d00000] [id=12572]
  0x0000025ccd335000 GCTaskThread "GC Thread#0" [stack: 0x0000006215d00000,0x0000006215e00000] [id=5420]
  0x0000025ceafa1000 GCTaskThread "GC Thread#1" [stack: 0x0000006216e00000,0x0000006216f00000] [id=6344]
  0x0000025ceafaa000 GCTaskThread "GC Thread#2" [stack: 0x0000006216f00000,0x0000006217000000] [id=11904]
  0x0000025ceb31e800 GCTaskThread "GC Thread#3" [stack: 0x0000006217000000,0x0000006217100000] [id=7300]
  0x0000025ceb31f000 GCTaskThread "GC Thread#4" [stack: 0x0000006217100000,0x0000006217200000] [id=6440]
  0x0000025ceac6c000 GCTaskThread "GC Thread#5" [stack: 0x0000006217200000,0x0000006217300000] [id=10396]
  0x0000025cec454000 GCTaskThread "GC Thread#6" [stack: 0x0000006218100000,0x0000006218200000] [id=2356]
  0x0000025cec824800 GCTaskThread "GC Thread#7" [stack: 0x0000006218200000,0x0000006218300000] [id=5180]
  0x0000025ccd368000 ConcurrentGCThread "G1 Main Marker" [stack: 0x0000006215e00000,0x0000006215f00000] [id=11964]
  0x0000025ccd369000 ConcurrentGCThread "G1 Conc#0" [stack: 0x0000006215f00000,0x0000006216000000] [id=5600]
  0x0000025cebc2d800 ConcurrentGCThread "G1 Conc#1" [stack: 0x0000006218300000,0x0000006218400000] [id=5360]
  0x0000025ce9608800 ConcurrentGCThread "G1 Refine#0" [stack: 0x0000006216000000,0x0000006216100000] [id=4892]
  0x0000025ce9609000 ConcurrentGCThread "G1 Young RemSet Sampling" [stack: 0x0000006216100000,0x0000006216200000] [id=8844]

Threads with active compile tasks:
C2 CompilerThread2   1077 1859   !   4       java.lang.ClassLoader::loadClass (122 bytes)

VM state:not at safepoint (normal execution)

VM Mutex/Monitor currently owned by a thread: None

Heap address: 0x0000000080000000, size: 2048 MB, Compressed Oops mode: 32-bit
Narrow klass base: 0x0000000000000000, Narrow klass shift: 3
Compressed class space size: 1073741824 Address: 0x0000000100000000

Heap:
 garbage-first heap   total 262144K, used 25413K [0x0000000080000000, 0x0000000100000000)
  region size 1024K, 20 young (20480K), 11 survivors (11264K)
 Metaspace       used 21730K, capacity 22234K, committed 22400K, reserved 1069056K
  class space    used 2731K, capacity 2913K, committed 2944K, reserved 1048576K
Heap Regions: E=young(eden), S=young(survivor), O=old, HS=humongous(starts), HC=humongous(continues), CS=collection set, F=free, A=archive, TAMS=top-at-mark-start (previous, next)
|   0|0x0000000080000000, 0x0000000080000000, 0x0000000080100000|  0%| F|  |TAMS 0x0000000080000000, 0x0000000080000000| Untracked 
|   1|0x0000000080100000, 0x0000000080100000, 0x0000000080200000|  0%| F|  |TAMS 0x0000000080100000, 0x0000000080100000| Untracked 
|   2|0x0000000080200000, 0x0000000080200000, 0x0000000080300000|  0%| F|  |TAMS 0x0000000080200000, 0x0000000080200000| Untracked 
|   3|0x0000000080300000, 0x0000000080400000, 0x0000000080400000|100%|HS|  |TAMS 0x0000000080400000, 0x0000000080300000| Complete 
|   4|0x0000000080400000, 0x0000000080500000, 0x0000000080500000|100%|HC|  |TAMS 0x0000000080500000, 0x0000000080400000| Complete 
|   5|0x0000000080500000, 0x0000000080600000, 0x0000000080600000|100%|HC|  |TAMS 0x0000000080600000, 0x0000000080500000| Complete 
|   6|0x0000000080600000, 0x0000000080700000, 0x0000000080700000|100%| O|  |TAMS 0x0000000080700000, 0x0000000080600000| Untracked 
|   7|0x0000000080700000, 0x0000000080800000, 0x0000000080800000|100%| O|  |TAMS 0x0000000080800000, 0x0000000080700000| Untracked 
|   8|0x0000000080800000, 0x0000000080900000, 0x0000000080900000|100%| O|  |TAMS 0x0000000080900000, 0x0000000080800000| Untracked 
|   9|0x0000000080900000, 0x0000000080920a00, 0x0000000080a00000| 12%| O|  |TAMS 0x0000000080920a00, 0x0000000080900000| Untracked 
|  10|0x0000000080a00000, 0x0000000080a00000, 0x0000000080b00000|  0%| F|  |TAMS 0x0000000080a00000, 0x0000000080a00000| Untracked 
|  11|0x0000000080b00000, 0x0000000080b00000, 0x0000000080c00000|  0%| F|  |TAMS 0x0000000080b00000, 0x0000000080b00000| Untracked 
|  12|0x0000000080c00000, 0x0000000080c00000, 0x0000000080d00000|  0%| F|  |TAMS 0x0000000080c00000, 0x0000000080c00000| Untracked 
|  13|0x0000000080d00000, 0x0000000080d00000, 0x0000000080e00000|  0%| F|  |TAMS 0x0000000080d00000, 0x0000000080d00000| Untracked 
|  14|0x0000000080e00000, 0x0000000080e00000, 0x0000000080f00000|  0%| F|  |TAMS 0x0000000080e00000, 0x0000000080e00000| Untracked 
|  15|0x0000000080f00000, 0x0000000080f00000, 0x0000000081000000|  0%| F|  |TAMS 0x0000000080f00000, 0x0000000080f00000| Untracked 
|  16|0x0000000081000000, 0x0000000081000000, 0x0000000081100000|  0%| F|  |TAMS 0x0000000081000000, 0x0000000081000000| Untracked 
|  17|0x0000000081100000, 0x0000000081100000, 0x0000000081200000|  0%| F|  |TAMS 0x0000000081100000, 0x0000000081100000| Untracked 
|  18|0x0000000081200000, 0x0000000081200000, 0x0000000081300000|  0%| F|  |TAMS 0x0000000081200000, 0x0000000081200000| Untracked 
|  19|0x0000000081300000, 0x0000000081300000, 0x0000000081400000|  0%| F|  |TAMS 0x0000000081300000, 0x0000000081300000| Untracked 
|  20|0x0000000081400000, 0x0000000081400000, 0x0000000081500000|  0%| F|  |TAMS 0x0000000081400000, 0x0000000081400000| Untracked 
|  21|0x0000000081500000, 0x0000000081500000, 0x0000000081600000|  0%| F|  |TAMS 0x0000000081500000, 0x0000000081500000| Untracked 
|  22|0x0000000081600000, 0x0000000081600000, 0x0000000081700000|  0%| F|  |TAMS 0x0000000081600000, 0x0000000081600000| Untracked 
|  23|0x0000000081700000, 0x0000000081700000, 0x0000000081800000|  0%| F|  |TAMS 0x0000000081700000, 0x0000000081700000| Untracked 
|  24|0x0000000081800000, 0x0000000081800000, 0x0000000081900000|  0%| F|  |TAMS 0x0000000081800000, 0x0000000081800000| Untracked 
|  25|0x0000000081900000, 0x0000000081900000, 0x0000000081a00000|  0%| F|  |TAMS 0x0000000081900000, 0x0000000081900000| Untracked 
|  26|0x0000000081a00000, 0x0000000081a00000, 0x0000000081b00000|  0%| F|  |TAMS 0x0000000081a00000, 0x0000000081a00000| Untracked 
|  27|0x0000000081b00000, 0x0000000081b00000, 0x0000000081c00000|  0%| F|  |TAMS 0x0000000081b00000, 0x0000000081b00000| Untracked 
|  28|0x0000000081c00000, 0x0000000081c00000, 0x0000000081d00000|  0%| F|  |TAMS 0x0000000081c00000, 0x0000000081c00000| Untracked 
|  29|0x0000000081d00000, 0x0000000081d00000, 0x0000000081e00000|  0%| F|  |TAMS 0x0000000081d00000, 0x0000000081d00000| Untracked 
|  30|0x0000000081e00000, 0x0000000081e00000, 0x0000000081f00000|  0%| F|  |TAMS 0x0000000081e00000, 0x0000000081e00000| Untracked 
|  31|0x0000000081f00000, 0x0000000081f00000, 0x0000000082000000|  0%| F|  |TAMS 0x0000000081f00000, 0x0000000081f00000| Untracked 
|  32|0x0000000082000000, 0x0000000082000000, 0x0000000082100000|  0%| F|  |TAMS 0x0000000082000000, 0x0000000082000000| Untracked 
|  33|0x0000000082100000, 0x0000000082100000, 0x0000000082200000|  0%| F|  |TAMS 0x0000000082100000, 0x0000000082100000| Untracked 
|  34|0x0000000082200000, 0x0000000082200000, 0x0000000082300000|  0%| F|  |TAMS 0x0000000082200000, 0x0000000082200000| Untracked 
|  35|0x0000000082300000, 0x0000000082300000, 0x0000000082400000|  0%| F|  |TAMS 0x0000000082300000, 0x0000000082300000| Untracked 
|  36|0x0000000082400000, 0x0000000082400000, 0x0000000082500000|  0%| F|  |TAMS 0x0000000082400000, 0x0000000082400000| Untracked 
|  37|0x0000000082500000, 0x0000000082500000, 0x0000000082600000|  0%| F|  |TAMS 0x0000000082500000, 0x0000000082500000| Untracked 
|  38|0x0000000082600000, 0x0000000082600000, 0x0000000082700000|  0%| F|  |TAMS 0x0000000082600000, 0x0000000082600000| Untracked 
|  39|0x0000000082700000, 0x0000000082700000, 0x0000000082800000|  0%| F|  |TAMS 0x0000000082700000, 0x0000000082700000| Untracked 
|  40|0x0000000082800000, 0x0000000082800000, 0x0000000082900000|  0%| F|  |TAMS 0x0000000082800000, 0x0000000082800000| Untracked 
|  41|0x0000000082900000, 0x0000000082900000, 0x0000000082a00000|  0%| F|  |TAMS 0x0000000082900000, 0x0000000082900000| Untracked 
|  42|0x0000000082a00000, 0x0000000082a00000, 0x0000000082b00000|  0%| F|  |TAMS 0x0000000082a00000, 0x0000000082a00000| Untracked 
|  43|0x0000000082b00000, 0x0000000082b00000, 0x0000000082c00000|  0%| F|  |TAMS 0x0000000082b00000, 0x0000000082b00000| Untracked 
|  44|0x0000000082c00000, 0x0000000082c00000, 0x0000000082d00000|  0%| F|  |TAMS 0x0000000082c00000, 0x0000000082c00000| Untracked 
|  45|0x0000000082d00000, 0x0000000082d00000, 0x0000000082e00000|  0%| F|  |TAMS 0x0000000082d00000, 0x0000000082d00000| Untracked 
|  46|0x0000000082e00000, 0x0000000082e00000, 0x0000000082f00000|  0%| F|  |TAMS 0x0000000082e00000, 0x0000000082e00000| Untracked 
|  47|0x0000000082f00000, 0x0000000082f00000, 0x0000000083000000|  0%| F|  |TAMS 0x0000000082f00000, 0x0000000082f00000| Untracked 
|  48|0x0000000083000000, 0x0000000083000000, 0x0000000083100000|  0%| F|  |TAMS 0x0000000083000000, 0x0000000083000000| Untracked 
|  49|0x0000000083100000, 0x0000000083100000, 0x0000000083200000|  0%| F|  |TAMS 0x0000000083100000, 0x0000000083100000| Untracked 
|  50|0x0000000083200000, 0x0000000083200000, 0x0000000083300000|  0%| F|  |TAMS 0x0000000083200000, 0x0000000083200000| Untracked 
|  51|0x0000000083300000, 0x0000000083300000, 0x0000000083400000|  0%| F|  |TAMS 0x0000000083300000, 0x0000000083300000| Untracked 
|  52|0x0000000083400000, 0x0000000083400000, 0x0000000083500000|  0%| F|  |TAMS 0x0000000083400000, 0x0000000083400000| Untracked 
|  53|0x0000000083500000, 0x0000000083500000, 0x0000000083600000|  0%| F|  |TAMS 0x0000000083500000, 0x0000000083500000| Untracked 
|  54|0x0000000083600000, 0x0000000083600000, 0x0000000083700000|  0%| F|  |TAMS 0x0000000083600000, 0x0000000083600000| Untracked 
|  55|0x0000000083700000, 0x0000000083700000, 0x0000000083800000|  0%| F|  |TAMS 0x0000000083700000, 0x0000000083700000| Untracked 
|  56|0x0000000083800000, 0x0000000083800000, 0x0000000083900000|  0%| F|  |TAMS 0x0000000083800000, 0x0000000083800000| Untracked 
|  57|0x0000000083900000, 0x0000000083900000, 0x0000000083a00000|  0%| F|  |TAMS 0x0000000083900000, 0x0000000083900000| Untracked 
|  58|0x0000000083a00000, 0x0000000083a00000, 0x0000000083b00000|  0%| F|  |TAMS 0x0000000083a00000, 0x0000000083a00000| Untracked 
|  59|0x0000000083b00000, 0x0000000083b00000, 0x0000000083c00000|  0%| F|  |TAMS 0x0000000083b00000, 0x0000000083b00000| Untracked 
|  60|0x0000000083c00000, 0x0000000083c00000, 0x0000000083d00000|  0%| F|  |TAMS 0x0000000083c00000, 0x0000000083c00000| Untracked 
|  61|0x0000000083d00000, 0x0000000083d00000, 0x0000000083e00000|  0%| F|  |TAMS 0x0000000083d00000, 0x0000000083d00000| Untracked 
|  62|0x0000000083e00000, 0x0000000083e00000, 0x0000000083f00000|  0%| F|  |TAMS 0x0000000083e00000, 0x0000000083e00000| Untracked 
|  63|0x0000000083f00000, 0x0000000083f00000, 0x0000000084000000|  0%| F|  |TAMS 0x0000000083f00000, 0x0000000083f00000| Untracked 
|  64|0x0000000084000000, 0x0000000084000000, 0x0000000084100000|  0%| F|  |TAMS 0x0000000084000000, 0x0000000084000000| Untracked 
|  65|0x0000000084100000, 0x0000000084100000, 0x0000000084200000|  0%| F|  |TAMS 0x0000000084100000, 0x0000000084100000| Untracked 
|  66|0x0000000084200000, 0x0000000084200000, 0x0000000084300000|  0%| F|  |TAMS 0x0000000084200000, 0x0000000084200000| Untracked 
|  67|0x0000000084300000, 0x0000000084300000, 0x0000000084400000|  0%| F|  |TAMS 0x0000000084300000, 0x0000000084300000| Untracked 
|  68|0x0000000084400000, 0x0000000084400000, 0x0000000084500000|  0%| F|  |TAMS 0x0000000084400000, 0x0000000084400000| Untracked 
|  69|0x0000000084500000, 0x0000000084500000, 0x0000000084600000|  0%| F|  |TAMS 0x0000000084500000, 0x0000000084500000| Untracked 
|  70|0x0000000084600000, 0x0000000084600000, 0x0000000084700000|  0%| F|  |TAMS 0x0000000084600000, 0x0000000084600000| Untracked 
|  71|0x0000000084700000, 0x0000000084700000, 0x0000000084800000|  0%| F|  |TAMS 0x0000000084700000, 0x0000000084700000| Untracked 
|  72|0x0000000084800000, 0x0000000084800000, 0x0000000084900000|  0%| F|  |TAMS 0x0000000084800000, 0x0000000084800000| Untracked 
|  73|0x0000000084900000, 0x0000000084900000, 0x0000000084a00000|  0%| F|  |TAMS 0x0000000084900000, 0x0000000084900000| Untracked 
|  74|0x0000000084a00000, 0x0000000084a00000, 0x0000000084b00000|  0%| F|  |TAMS 0x0000000084a00000, 0x0000000084a00000| Untracked 
|  75|0x0000000084b00000, 0x0000000084b00000, 0x0000000084c00000|  0%| F|  |TAMS 0x0000000084b00000, 0x0000000084b00000| Untracked 
|  76|0x0000000084c00000, 0x0000000084c00000, 0x0000000084d00000|  0%| F|  |TAMS 0x0000000084c00000, 0x0000000084c00000| Untracked 
|  77|0x0000000084d00000, 0x0000000084d00000, 0x0000000084e00000|  0%| F|  |TAMS 0x0000000084d00000, 0x0000000084d00000| Untracked 
|  78|0x0000000084e00000, 0x0000000084e00000, 0x0000000084f00000|  0%| F|  |TAMS 0x0000000084e00000, 0x0000000084e00000| Untracked 
|  79|0x0000000084f00000, 0x0000000084f00000, 0x0000000085000000|  0%| F|  |TAMS 0x0000000084f00000, 0x0000000084f00000| Untracked 
|  80|0x0000000085000000, 0x0000000085000000, 0x0000000085100000|  0%| F|  |TAMS 0x0000000085000000, 0x0000000085000000| Untracked 
|  81|0x0000000085100000, 0x0000000085100000, 0x0000000085200000|  0%| F|  |TAMS 0x0000000085100000, 0x0000000085100000| Untracked 
|  82|0x0000000085200000, 0x0000000085200000, 0x0000000085300000|  0%| F|  |TAMS 0x0000000085200000, 0x0000000085200000| Untracked 
|  83|0x0000000085300000, 0x0000000085300000, 0x0000000085400000|  0%| F|  |TAMS 0x0000000085300000, 0x0000000085300000| Untracked 
|  84|0x0000000085400000, 0x0000000085400000, 0x0000000085500000|  0%| F|  |TAMS 0x0000000085400000, 0x0000000085400000| Untracked 
|  85|0x0000000085500000, 0x0000000085500000, 0x0000000085600000|  0%| F|  |TAMS 0x0000000085500000, 0x0000000085500000| Untracked 
|  86|0x0000000085600000, 0x0000000085600000, 0x0000000085700000|  0%| F|  |TAMS 0x0000000085600000, 0x0000000085600000| Untracked 
|  87|0x0000000085700000, 0x0000000085700000, 0x0000000085800000|  0%| F|  |TAMS 0x0000000085700000, 0x0000000085700000| Untracked 
|  88|0x0000000085800000, 0x0000000085800000, 0x0000000085900000|  0%| F|  |TAMS 0x0000000085800000, 0x0000000085800000| Untracked 
|  89|0x0000000085900000, 0x0000000085900000, 0x0000000085a00000|  0%| F|  |TAMS 0x0000000085900000, 0x0000000085900000| Untracked 
|  90|0x0000000085a00000, 0x0000000085a00000, 0x0000000085b00000|  0%| F|  |TAMS 0x0000000085a00000, 0x0000000085a00000| Untracked 
|  91|0x0000000085b00000, 0x0000000085b00000, 0x0000000085c00000|  0%| F|  |TAMS 0x0000000085b00000, 0x0000000085b00000| Untracked 
|  92|0x0000000085c00000, 0x0000000085c00000, 0x0000000085d00000|  0%| F|  |TAMS 0x0000000085c00000, 0x0000000085c00000| Untracked 
|  93|0x0000000085d00000, 0x0000000085d00000, 0x0000000085e00000|  0%| F|  |TAMS 0x0000000085d00000, 0x0000000085d00000| Untracked 
|  94|0x0000000085e00000, 0x0000000085e00000, 0x0000000085f00000|  0%| F|  |TAMS 0x0000000085e00000, 0x0000000085e00000| Untracked 
|  95|0x0000000085f00000, 0x0000000085f00000, 0x0000000086000000|  0%| F|  |TAMS 0x0000000085f00000, 0x0000000085f00000| Untracked 
|  96|0x0000000086000000, 0x0000000086000000, 0x0000000086100000|  0%| F|  |TAMS 0x0000000086000000, 0x0000000086000000| Untracked 
|  97|0x0000000086100000, 0x0000000086100000, 0x0000000086200000|  0%| F|  |TAMS 0x0000000086100000, 0x0000000086100000| Untracked 
|  98|0x0000000086200000, 0x0000000086200000, 0x0000000086300000|  0%| F|  |TAMS 0x0000000086200000, 0x0000000086200000| Untracked 
|  99|0x0000000086300000, 0x0000000086300000, 0x0000000086400000|  0%| F|  |TAMS 0x0000000086300000, 0x0000000086300000| Untracked 
| 100|0x0000000086400000, 0x0000000086400000, 0x0000000086500000|  0%| F|  |TAMS 0x0000000086400000, 0x0000000086400000| Untracked 
| 101|0x0000000086500000, 0x0000000086500000, 0x0000000086600000|  0%| F|  |TAMS 0x0000000086500000, 0x0000000086500000| Untracked 
| 102|0x0000000086600000, 0x0000000086600000, 0x0000000086700000|  0%| F|  |TAMS 0x0000000086600000, 0x0000000086600000| Untracked 
| 103|0x0000000086700000, 0x0000000086700000, 0x0000000086800000|  0%| F|  |TAMS 0x0000000086700000, 0x0000000086700000| Untracked 
| 104|0x0000000086800000, 0x0000000086800000, 0x0000000086900000|  0%| F|  |TAMS 0x0000000086800000, 0x0000000086800000| Untracked 
| 105|0x0000000086900000, 0x0000000086900000, 0x0000000086a00000|  0%| F|  |TAMS 0x0000000086900000, 0x0000000086900000| Untracked 
| 106|0x0000000086a00000, 0x0000000086a00000, 0x0000000086b00000|  0%| F|  |TAMS 0x0000000086a00000, 0x0000000086a00000| Untracked 
| 107|0x0000000086b00000, 0x0000000086b00000, 0x0000000086c00000|  0%| F|  |TAMS 0x0000000086b00000, 0x0000000086b00000| Untracked 
| 108|0x0000000086c00000, 0x0000000086c00000, 0x0000000086d00000|  0%| F|  |TAMS 0x0000000086c00000, 0x0000000086c00000| Untracked 
| 109|0x0000000086d00000, 0x0000000086d00000, 0x0000000086e00000|  0%| F|  |TAMS 0x0000000086d00000, 0x0000000086d00000| Untracked 
| 110|0x0000000086e00000, 0x0000000086e00000, 0x0000000086f00000|  0%| F|  |TAMS 0x0000000086e00000, 0x0000000086e00000| Untracked 
| 111|0x0000000086f00000, 0x0000000086f00000, 0x0000000087000000|  0%| F|  |TAMS 0x0000000086f00000, 0x0000000086f00000| Untracked 
| 112|0x0000000087000000, 0x0000000087000000, 0x0000000087100000|  0%| F|  |TAMS 0x0000000087000000, 0x0000000087000000| Untracked 
| 113|0x0000000087100000, 0x0000000087100000, 0x0000000087200000|  0%| F|  |TAMS 0x0000000087100000, 0x0000000087100000| Untracked 
| 114|0x0000000087200000, 0x0000000087200000, 0x0000000087300000|  0%| F|  |TAMS 0x0000000087200000, 0x0000000087200000| Untracked 
| 115|0x0000000087300000, 0x0000000087300000, 0x0000000087400000|  0%| F|  |TAMS 0x0000000087300000, 0x0000000087300000| Untracked 
| 116|0x0000000087400000, 0x0000000087400000, 0x0000000087500000|  0%| F|  |TAMS 0x0000000087400000, 0x0000000087400000| Untracked 
| 117|0x0000000087500000, 0x0000000087500000, 0x0000000087600000|  0%| F|  |TAMS 0x0000000087500000, 0x0000000087500000| Untracked 
| 118|0x0000000087600000, 0x0000000087600000, 0x0000000087700000|  0%| F|  |TAMS 0x0000000087600000, 0x0000000087600000| Untracked 
| 119|0x0000000087700000, 0x0000000087700000, 0x0000000087800000|  0%| F|  |TAMS 0x0000000087700000, 0x0000000087700000| Untracked 
| 120|0x0000000087800000, 0x0000000087800000, 0x0000000087900000|  0%| F|  |TAMS 0x0000000087800000, 0x0000000087800000| Untracked 
| 121|0x0000000087900000, 0x0000000087900000, 0x0000000087a00000|  0%| F|  |TAMS 0x0000000087900000, 0x0000000087900000| Untracked 
| 122|0x0000000087a00000, 0x0000000087a00000, 0x0000000087b00000|  0%| F|  |TAMS 0x0000000087a00000, 0x0000000087a00000| Untracked 
| 123|0x0000000087b00000, 0x0000000087b00000, 0x0000000087c00000|  0%| F|  |TAMS 0x0000000087b00000, 0x0000000087b00000| Untracked 
| 124|0x0000000087c00000, 0x0000000087c00000, 0x0000000087d00000|  0%| F|  |TAMS 0x0000000087c00000, 0x0000000087c00000| Untracked 
| 125|0x0000000087d00000, 0x0000000087d00000, 0x0000000087e00000|  0%| F|  |TAMS 0x0000000087d00000, 0x0000000087d00000| Untracked 
| 126|0x0000000087e00000, 0x0000000087e00000, 0x0000000087f00000|  0%| F|  |TAMS 0x0000000087e00000, 0x0000000087e00000| Untracked 
| 127|0x0000000087f00000, 0x0000000087f00000, 0x0000000088000000|  0%| F|  |TAMS 0x0000000087f00000, 0x0000000087f00000| Untracked 
| 128|0x0000000088000000, 0x0000000088000000, 0x0000000088100000|  0%| F|  |TAMS 0x0000000088000000, 0x0000000088000000| Untracked 
| 129|0x0000000088100000, 0x0000000088100000, 0x0000000088200000|  0%| F|  |TAMS 0x0000000088100000, 0x0000000088100000| Untracked 
| 130|0x0000000088200000, 0x0000000088200000, 0x0000000088300000|  0%| F|  |TAMS 0x0000000088200000, 0x0000000088200000| Untracked 
| 131|0x0000000088300000, 0x0000000088300000, 0x0000000088400000|  0%| F|  |TAMS 0x0000000088300000, 0x0000000088300000| Untracked 
| 132|0x0000000088400000, 0x0000000088400000, 0x0000000088500000|  0%| F|  |TAMS 0x0000000088400000, 0x0000000088400000| Untracked 
| 133|0x0000000088500000, 0x0000000088500000, 0x0000000088600000|  0%| F|  |TAMS 0x0000000088500000, 0x0000000088500000| Untracked 
| 134|0x0000000088600000, 0x0000000088600000, 0x0000000088700000|  0%| F|  |TAMS 0x0000000088600000, 0x0000000088600000| Untracked 
| 135|0x0000000088700000, 0x0000000088700000, 0x0000000088800000|  0%| F|  |TAMS 0x0000000088700000, 0x0000000088700000| Untracked 
| 136|0x0000000088800000, 0x0000000088800000, 0x0000000088900000|  0%| F|  |TAMS 0x0000000088800000, 0x0000000088800000| Untracked 
| 137|0x0000000088900000, 0x0000000088900000, 0x0000000088a00000|  0%| F|  |TAMS 0x0000000088900000, 0x0000000088900000| Untracked 
| 138|0x0000000088a00000, 0x0000000088a00000, 0x0000000088b00000|  0%| F|  |TAMS 0x0000000088a00000, 0x0000000088a00000| Untracked 
| 139|0x0000000088b00000, 0x0000000088b00000, 0x0000000088c00000|  0%| F|  |TAMS 0x0000000088b00000, 0x0000000088b00000| Untracked 
| 140|0x0000000088c00000, 0x0000000088c00000, 0x0000000088d00000|  0%| F|  |TAMS 0x0000000088c00000, 0x0000000088c00000| Untracked 
| 141|0x0000000088d00000, 0x0000000088d00000, 0x0000000088e00000|  0%| F|  |TAMS 0x0000000088d00000, 0x0000000088d00000| Untracked 
| 142|0x0000000088e00000, 0x0000000088e00000, 0x0000000088f00000|  0%| F|  |TAMS 0x0000000088e00000, 0x0000000088e00000| Untracked 
| 143|0x0000000088f00000, 0x0000000088f00000, 0x0000000089000000|  0%| F|  |TAMS 0x0000000088f00000, 0x0000000088f00000| Untracked 
| 144|0x0000000089000000, 0x0000000089000000, 0x0000000089100000|  0%| F|  |TAMS 0x0000000089000000, 0x0000000089000000| Untracked 
| 145|0x0000000089100000, 0x00000000891b0cc0, 0x0000000089200000| 69%| S|CS|TAMS 0x0000000089100000, 0x0000000089100000| Complete 
| 146|0x0000000089200000, 0x0000000089300000, 0x0000000089300000|100%| S|CS|TAMS 0x0000000089200000, 0x0000000089200000| Complete 
| 147|0x0000000089300000, 0x0000000089400000, 0x0000000089400000|100%| S|CS|TAMS 0x0000000089300000, 0x0000000089300000| Complete 
| 148|0x0000000089400000, 0x0000000089500000, 0x0000000089500000|100%| S|CS|TAMS 0x0000000089400000, 0x0000000089400000| Complete 
| 149|0x0000000089500000, 0x0000000089600000, 0x0000000089600000|100%| S|CS|TAMS 0x0000000089500000, 0x0000000089500000| Complete 
| 150|0x0000000089600000, 0x0000000089700000, 0x0000000089700000|100%| S|CS|TAMS 0x0000000089600000, 0x0000000089600000| Complete 
| 151|0x0000000089700000, 0x0000000089800000, 0x0000000089800000|100%| S|CS|TAMS 0x0000000089700000, 0x0000000089700000| Complete 
| 152|0x0000000089800000, 0x0000000089900000, 0x0000000089900000|100%| S|CS|TAMS 0x0000000089800000, 0x0000000089800000| Complete 
| 153|0x0000000089900000, 0x0000000089a00000, 0x0000000089a00000|100%| S|CS|TAMS 0x0000000089900000, 0x0000000089900000| Complete 
| 154|0x0000000089a00000, 0x0000000089b00000, 0x0000000089b00000|100%| S|CS|TAMS 0x0000000089a00000, 0x0000000089a00000| Complete 
| 155|0x0000000089b00000, 0x0000000089c00000, 0x0000000089c00000|100%| S|CS|TAMS 0x0000000089b00000, 0x0000000089b00000| Complete 
| 156|0x0000000089c00000, 0x0000000089c00000, 0x0000000089d00000|  0%| F|  |TAMS 0x0000000089c00000, 0x0000000089c00000| Untracked 
| 157|0x0000000089d00000, 0x0000000089d00000, 0x0000000089e00000|  0%| F|  |TAMS 0x0000000089d00000, 0x0000000089d00000| Untracked 
| 158|0x0000000089e00000, 0x0000000089e00000, 0x0000000089f00000|  0%| F|  |TAMS 0x0000000089e00000, 0x0000000089e00000| Untracked 
| 159|0x0000000089f00000, 0x0000000089f00000, 0x000000008a000000|  0%| F|  |TAMS 0x0000000089f00000, 0x0000000089f00000| Untracked 
| 160|0x000000008a000000, 0x000000008a000000, 0x000000008a100000|  0%| F|  |TAMS 0x000000008a000000, 0x000000008a000000| Untracked 
| 161|0x000000008a100000, 0x000000008a100000, 0x000000008a200000|  0%| F|  |TAMS 0x000000008a100000, 0x000000008a100000| Untracked 
| 162|0x000000008a200000, 0x000000008a200000, 0x000000008a300000|  0%| F|  |TAMS 0x000000008a200000, 0x000000008a200000| Untracked 
| 163|0x000000008a300000, 0x000000008a300000, 0x000000008a400000|  0%| F|  |TAMS 0x000000008a300000, 0x000000008a300000| Untracked 
| 164|0x000000008a400000, 0x000000008a400000, 0x000000008a500000|  0%| F|  |TAMS 0x000000008a400000, 0x000000008a400000| Untracked 
| 165|0x000000008a500000, 0x000000008a500000, 0x000000008a600000|  0%| F|  |TAMS 0x000000008a500000, 0x000000008a500000| Untracked 
| 166|0x000000008a600000, 0x000000008a600000, 0x000000008a700000|  0%| F|  |TAMS 0x000000008a600000, 0x000000008a600000| Untracked 
| 167|0x000000008a700000, 0x000000008a700000, 0x000000008a800000|  0%| F|  |TAMS 0x000000008a700000, 0x000000008a700000| Untracked 
| 168|0x000000008a800000, 0x000000008a800000, 0x000000008a900000|  0%| F|  |TAMS 0x000000008a800000, 0x000000008a800000| Untracked 
| 169|0x000000008a900000, 0x000000008a900000, 0x000000008aa00000|  0%| F|  |TAMS 0x000000008a900000, 0x000000008a900000| Untracked 
| 170|0x000000008aa00000, 0x000000008aa00000, 0x000000008ab00000|  0%| F|  |TAMS 0x000000008aa00000, 0x000000008aa00000| Untracked 
| 171|0x000000008ab00000, 0x000000008ab00000, 0x000000008ac00000|  0%| F|  |TAMS 0x000000008ab00000, 0x000000008ab00000| Untracked 
| 172|0x000000008ac00000, 0x000000008ac00000, 0x000000008ad00000|  0%| F|  |TAMS 0x000000008ac00000, 0x000000008ac00000| Untracked 
| 173|0x000000008ad00000, 0x000000008ad00000, 0x000000008ae00000|  0%| F|  |TAMS 0x000000008ad00000, 0x000000008ad00000| Untracked 
| 174|0x000000008ae00000, 0x000000008ae00000, 0x000000008af00000|  0%| F|  |TAMS 0x000000008ae00000, 0x000000008ae00000| Untracked 
| 175|0x000000008af00000, 0x000000008af00000, 0x000000008b000000|  0%| F|  |TAMS 0x000000008af00000, 0x000000008af00000| Untracked 
| 176|0x000000008b000000, 0x000000008b000000, 0x000000008b100000|  0%| F|  |TAMS 0x000000008b000000, 0x000000008b000000| Untracked 
| 177|0x000000008b100000, 0x000000008b100000, 0x000000008b200000|  0%| F|  |TAMS 0x000000008b100000, 0x000000008b100000| Untracked 
| 178|0x000000008b200000, 0x000000008b200000, 0x000000008b300000|  0%| F|  |TAMS 0x000000008b200000, 0x000000008b200000| Untracked 
| 179|0x000000008b300000, 0x000000008b300000, 0x000000008b400000|  0%| F|  |TAMS 0x000000008b300000, 0x000000008b300000| Untracked 
| 180|0x000000008b400000, 0x000000008b400000, 0x000000008b500000|  0%| F|  |TAMS 0x000000008b400000, 0x000000008b400000| Untracked 
| 181|0x000000008b500000, 0x000000008b500000, 0x000000008b600000|  0%| F|  |TAMS 0x000000008b500000, 0x000000008b500000| Untracked 
| 182|0x000000008b600000, 0x000000008b600000, 0x000000008b700000|  0%| F|  |TAMS 0x000000008b600000, 0x000000008b600000| Untracked 
| 183|0x000000008b700000, 0x000000008b700000, 0x000000008b800000|  0%| F|  |TAMS 0x000000008b700000, 0x000000008b700000| Untracked 
| 184|0x000000008b800000, 0x000000008b800000, 0x000000008b900000|  0%| F|  |TAMS 0x000000008b800000, 0x000000008b800000| Untracked 
| 185|0x000000008b900000, 0x000000008b900000, 0x000000008ba00000|  0%| F|  |TAMS 0x000000008b900000, 0x000000008b900000| Untracked 
| 186|0x000000008ba00000, 0x000000008ba00000, 0x000000008bb00000|  0%| F|  |TAMS 0x000000008ba00000, 0x000000008ba00000| Untracked 
| 187|0x000000008bb00000, 0x000000008bb00000, 0x000000008bc00000|  0%| F|  |TAMS 0x000000008bb00000, 0x000000008bb00000| Untracked 
| 188|0x000000008bc00000, 0x000000008bc00000, 0x000000008bd00000|  0%| F|  |TAMS 0x000000008bc00000, 0x000000008bc00000| Untracked 
| 189|0x000000008bd00000, 0x000000008bd00000, 0x000000008be00000|  0%| F|  |TAMS 0x000000008bd00000, 0x000000008bd00000| Untracked 
| 190|0x000000008be00000, 0x000000008be00000, 0x000000008bf00000|  0%| F|  |TAMS 0x000000008be00000, 0x000000008be00000| Untracked 
| 191|0x000000008bf00000, 0x000000008bf00000, 0x000000008c000000|  0%| F|  |TAMS 0x000000008bf00000, 0x000000008bf00000| Untracked 
| 192|0x000000008c000000, 0x000000008c000000, 0x000000008c100000|  0%| F|  |TAMS 0x000000008c000000, 0x000000008c000000| Untracked 
| 193|0x000000008c100000, 0x000000008c100000, 0x000000008c200000|  0%| F|  |TAMS 0x000000008c100000, 0x000000008c100000| Untracked 
| 194|0x000000008c200000, 0x000000008c200000, 0x000000008c300000|  0%| F|  |TAMS 0x000000008c200000, 0x000000008c200000| Untracked 
| 195|0x000000008c300000, 0x000000008c300000, 0x000000008c400000|  0%| F|  |TAMS 0x000000008c300000, 0x000000008c300000| Untracked 
| 196|0x000000008c400000, 0x000000008c400000, 0x000000008c500000|  0%| F|  |TAMS 0x000000008c400000, 0x000000008c400000| Untracked 
| 197|0x000000008c500000, 0x000000008c500000, 0x000000008c600000|  0%| F|  |TAMS 0x000000008c500000, 0x000000008c500000| Untracked 
| 198|0x000000008c600000, 0x000000008c600000, 0x000000008c700000|  0%| F|  |TAMS 0x000000008c600000, 0x000000008c600000| Untracked 
| 199|0x000000008c700000, 0x000000008c700000, 0x000000008c800000|  0%| F|  |TAMS 0x000000008c700000, 0x000000008c700000| Untracked 
| 200|0x000000008c800000, 0x000000008c800000, 0x000000008c900000|  0%| F|  |TAMS 0x000000008c800000, 0x000000008c800000| Untracked 
| 201|0x000000008c900000, 0x000000008c900000, 0x000000008ca00000|  0%| F|  |TAMS 0x000000008c900000, 0x000000008c900000| Untracked 
| 202|0x000000008ca00000, 0x000000008ca00000, 0x000000008cb00000|  0%| F|  |TAMS 0x000000008ca00000, 0x000000008ca00000| Untracked 
| 203|0x000000008cb00000, 0x000000008cb00000, 0x000000008cc00000|  0%| F|  |TAMS 0x000000008cb00000, 0x000000008cb00000| Untracked 
| 204|0x000000008cc00000, 0x000000008cc00000, 0x000000008cd00000|  0%| F|  |TAMS 0x000000008cc00000, 0x000000008cc00000| Untracked 
| 205|0x000000008cd00000, 0x000000008cd00000, 0x000000008ce00000|  0%| F|  |TAMS 0x000000008cd00000, 0x000000008cd00000| Untracked 
| 206|0x000000008ce00000, 0x000000008ce00000, 0x000000008cf00000|  0%| F|  |TAMS 0x000000008ce00000, 0x000000008ce00000| Untracked 
| 207|0x000000008cf00000, 0x000000008cf00000, 0x000000008d000000|  0%| F|  |TAMS 0x000000008cf00000, 0x000000008cf00000| Untracked 
| 208|0x000000008d000000, 0x000000008d000000, 0x000000008d100000|  0%| F|  |TAMS 0x000000008d000000, 0x000000008d000000| Untracked 
| 209|0x000000008d100000, 0x000000008d100000, 0x000000008d200000|  0%| F|  |TAMS 0x000000008d100000, 0x000000008d100000| Untracked 
| 210|0x000000008d200000, 0x000000008d200000, 0x000000008d300000|  0%| F|  |TAMS 0x000000008d200000, 0x000000008d200000| Untracked 
| 211|0x000000008d300000, 0x000000008d300000, 0x000000008d400000|  0%| F|  |TAMS 0x000000008d300000, 0x000000008d300000| Untracked 
| 212|0x000000008d400000, 0x000000008d400000, 0x000000008d500000|  0%| F|  |TAMS 0x000000008d400000, 0x000000008d400000| Untracked 
| 213|0x000000008d500000, 0x000000008d500000, 0x000000008d600000|  0%| F|  |TAMS 0x000000008d500000, 0x000000008d500000| Untracked 
| 214|0x000000008d600000, 0x000000008d600000, 0x000000008d700000|  0%| F|  |TAMS 0x000000008d600000, 0x000000008d600000| Untracked 
| 215|0x000000008d700000, 0x000000008d700000, 0x000000008d800000|  0%| F|  |TAMS 0x000000008d700000, 0x000000008d700000| Untracked 
| 216|0x000000008d800000, 0x000000008d800000, 0x000000008d900000|  0%| F|  |TAMS 0x000000008d800000, 0x000000008d800000| Untracked 
| 217|0x000000008d900000, 0x000000008d900000, 0x000000008da00000|  0%| F|  |TAMS 0x000000008d900000, 0x000000008d900000| Untracked 
| 218|0x000000008da00000, 0x000000008da00000, 0x000000008db00000|  0%| F|  |TAMS 0x000000008da00000, 0x000000008da00000| Untracked 
| 219|0x000000008db00000, 0x000000008db00000, 0x000000008dc00000|  0%| F|  |TAMS 0x000000008db00000, 0x000000008db00000| Untracked 
| 220|0x000000008dc00000, 0x000000008dc00000, 0x000000008dd00000|  0%| F|  |TAMS 0x000000008dc00000, 0x000000008dc00000| Untracked 
| 221|0x000000008dd00000, 0x000000008dd00000, 0x000000008de00000|  0%| F|  |TAMS 0x000000008dd00000, 0x000000008dd00000| Untracked 
| 222|0x000000008de00000, 0x000000008de00000, 0x000000008df00000|  0%| F|  |TAMS 0x000000008de00000, 0x000000008de00000| Untracked 
| 223|0x000000008df00000, 0x000000008df00000, 0x000000008e000000|  0%| F|  |TAMS 0x000000008df00000, 0x000000008df00000| Untracked 
| 224|0x000000008e000000, 0x000000008e000000, 0x000000008e100000|  0%| F|  |TAMS 0x000000008e000000, 0x000000008e000000| Untracked 
| 225|0x000000008e100000, 0x000000008e100000, 0x000000008e200000|  0%| F|  |TAMS 0x000000008e100000, 0x000000008e100000| Untracked 
| 226|0x000000008e200000, 0x000000008e200000, 0x000000008e300000|  0%| F|  |TAMS 0x000000008e200000, 0x000000008e200000| Untracked 
| 227|0x000000008e300000, 0x000000008e300000, 0x000000008e400000|  0%| F|  |TAMS 0x000000008e300000, 0x000000008e300000| Untracked 
| 228|0x000000008e400000, 0x000000008e400000, 0x000000008e500000|  0%| F|  |TAMS 0x000000008e400000, 0x000000008e400000| Untracked 
| 229|0x000000008e500000, 0x000000008e500000, 0x000000008e600000|  0%| F|  |TAMS 0x000000008e500000, 0x000000008e500000| Untracked 
| 230|0x000000008e600000, 0x000000008e600000, 0x000000008e700000|  0%| F|  |TAMS 0x000000008e600000, 0x000000008e600000| Untracked 
| 231|0x000000008e700000, 0x000000008e700000, 0x000000008e800000|  0%| F|  |TAMS 0x000000008e700000, 0x000000008e700000| Untracked 
| 232|0x000000008e800000, 0x000000008e800000, 0x000000008e900000|  0%| F|  |TAMS 0x000000008e800000, 0x000000008e800000| Untracked 
| 233|0x000000008e900000, 0x000000008e900000, 0x000000008ea00000|  0%| F|  |TAMS 0x000000008e900000, 0x000000008e900000| Untracked 
| 234|0x000000008ea00000, 0x000000008ea00000, 0x000000008eb00000|  0%| F|  |TAMS 0x000000008ea00000, 0x000000008ea00000| Untracked 
| 235|0x000000008eb00000, 0x000000008eb00000, 0x000000008ec00000|  0%| F|  |TAMS 0x000000008eb00000, 0x000000008eb00000| Untracked 
| 236|0x000000008ec00000, 0x000000008ec00000, 0x000000008ed00000|  0%| F|  |TAMS 0x000000008ec00000, 0x000000008ec00000| Untracked 
| 237|0x000000008ed00000, 0x000000008ed00000, 0x000000008ee00000|  0%| F|  |TAMS 0x000000008ed00000, 0x000000008ed00000| Untracked 
| 238|0x000000008ee00000, 0x000000008ee00000, 0x000000008ef00000|  0%| F|  |TAMS 0x000000008ee00000, 0x000000008ee00000| Untracked 
| 239|0x000000008ef00000, 0x000000008ef00000, 0x000000008f000000|  0%| F|  |TAMS 0x000000008ef00000, 0x000000008ef00000| Untracked 
| 240|0x000000008f000000, 0x000000008f000000, 0x000000008f100000|  0%| F|  |TAMS 0x000000008f000000, 0x000000008f000000| Untracked 
| 241|0x000000008f100000, 0x000000008f100000, 0x000000008f200000|  0%| F|  |TAMS 0x000000008f100000, 0x000000008f100000| Untracked 
| 242|0x000000008f200000, 0x000000008f200000, 0x000000008f300000|  0%| F|  |TAMS 0x000000008f200000, 0x000000008f200000| Untracked 
| 243|0x000000008f300000, 0x000000008f300000, 0x000000008f400000|  0%| F|  |TAMS 0x000000008f300000, 0x000000008f300000| Untracked 
| 244|0x000000008f400000, 0x000000008f400000, 0x000000008f500000|  0%| F|  |TAMS 0x000000008f400000, 0x000000008f400000| Untracked 
| 245|0x000000008f500000, 0x000000008f500000, 0x000000008f600000|  0%| F|  |TAMS 0x000000008f500000, 0x000000008f500000| Untracked 
| 246|0x000000008f600000, 0x000000008f600000, 0x000000008f700000|  0%| F|  |TAMS 0x000000008f600000, 0x000000008f600000| Untracked 
| 247|0x000000008f700000, 0x000000008f800000, 0x000000008f800000|100%| E|  |TAMS 0x000000008f700000, 0x000000008f700000| Complete 
| 248|0x000000008f800000, 0x000000008f900000, 0x000000008f900000|100%| E|CS|TAMS 0x000000008f800000, 0x000000008f800000| Complete 
| 249|0x000000008f900000, 0x000000008fa00000, 0x000000008fa00000|100%| E|CS|TAMS 0x000000008f900000, 0x000000008f900000| Complete 
| 250|0x000000008fa00000, 0x000000008fb00000, 0x000000008fb00000|100%| E|CS|TAMS 0x000000008fa00000, 0x000000008fa00000| Complete 
| 251|0x000000008fb00000, 0x000000008fc00000, 0x000000008fc00000|100%| E|CS|TAMS 0x000000008fb00000, 0x000000008fb00000| Complete 
| 252|0x000000008fc00000, 0x000000008fd00000, 0x000000008fd00000|100%| E|CS|TAMS 0x000000008fc00000, 0x000000008fc00000| Complete 
| 253|0x000000008fd00000, 0x000000008fe00000, 0x000000008fe00000|100%| E|CS|TAMS 0x000000008fd00000, 0x000000008fd00000| Complete 
| 254|0x000000008fe00000, 0x000000008ff00000, 0x000000008ff00000|100%| E|CS|TAMS 0x000000008fe00000, 0x000000008fe00000| Complete 
| 255|0x000000008ff00000, 0x0000000090000000, 0x0000000090000000|100%| E|CS|TAMS 0x000000008ff00000, 0x000000008ff00000| Complete 

Card table byte_map: [0x0000025ce2480000,0x0000025ce2880000] _byte_map_base: 0x0000025ce2080000

Marking Bits (Prev, Next): (CMBitMap*) 0x0000025ccd35f330, (CMBitMap*) 0x0000025ccd35f2f8
 Prev Bits: [0x0000025ce4c80000, 0x0000025ce6c80000)
 Next Bits: [0x0000025ce2c80000, 0x0000025ce4c80000)

Polling page: 0x0000025ccd400000

Metaspace:

Usage:
  Non-class:     18.93 MB capacity,    18.61 MB ( 98%) used,   290.78 KB (  2%) free+waste,    38.38 KB ( <1%) overhead. 
      Class:      2.88 MB capacity,     2.68 MB ( 93%) used,   181.05 KB (  6%) free+waste,    19.25 KB ( <1%) overhead. 
       Both:     21.81 MB capacity,    21.29 MB ( 98%) used,   471.83 KB (  2%) free+waste,    57.63 KB ( <1%) overhead. 

Virtual space:
  Non-class space:       20.00 MB reserved,      19.00 MB ( 95%) committed 
      Class space:        1.00 GB reserved,       3.00 MB ( <1%) committed 
             Both:        1.02 GB reserved,      22.00 MB (  2%) committed 

Chunk freelists:
   Non-Class:  7.00 KB
       Class:  31.00 KB
        Both:  38.00 KB

MaxMetaspaceSize: 17179869184.00 GB
CompressedClassSpaceSize: 1.00 GB

CodeHeap 'non-profiled nmethods': size=120000Kb used=941Kb max_used=941Kb free=119058Kb
 bounds [0x0000025cda0e0000, 0x0000025cda350000, 0x0000025ce1610000]
CodeHeap 'profiled nmethods': size=120000Kb used=3917Kb max_used=3917Kb free=116082Kb
 bounds [0x0000025cd2bb0000, 0x0000025cd2f90000, 0x0000025cda0e0000]
CodeHeap 'non-nmethods': size=5760Kb used=1140Kb max_used=1181Kb free=4619Kb
 bounds [0x0000025cd2610000, 0x0000025cd2880000, 0x0000025cd2bb0000]
 total_blobs=2365 nmethods=1887 adapters=390
 compilation: enabled
              stopped_count=0, restarted_count=0
 full_count=0

Compilation events (20 events):
Event: 1.050 Thread 0x0000025cea02c000 1877       3       jdk.internal.org.objectweb.asm.MethodWriter::put (1602 bytes)
Event: 1.052 Thread 0x0000025cea02c000 nmethod 1877 0x0000025cd2f79310 code [0x0000025cd2f79c00, 0x0000025cd2f7cfb8]
Event: 1.053 Thread 0x0000025cea02c000 1881       3       sun.security.provider.MD5::FF (33 bytes)
Event: 1.053 Thread 0x0000025cea02c000 nmethod 1881 0x0000025cd2f7e610 code [0x0000025cd2f7e7c0, 0x0000025cd2f7e8d8]
Event: 1.053 Thread 0x0000025cea02c000 1882       3       sun.security.provider.MD5::GG (33 bytes)
Event: 1.053 Thread 0x0000025cea02c000 nmethod 1882 0x0000025cd2f7e990 code [0x0000025cd2f7eb40, 0x0000025cd2f7ec58]
Event: 1.053 Thread 0x0000025cea02c000 1880       3       java.security.MessageDigest$Delegate::engineUpdate (11 bytes)
Event: 1.053 Thread 0x0000025cea02c000 nmethod 1880 0x0000025cd2f7ed10 code [0x0000025cd2f7eec0, 0x0000025cd2f7f088]
Event: 1.053 Thread 0x0000025cea02c000 1879       3       java.lang.invoke.ConstantCallSite::getTarget (20 bytes)
Event: 1.053 Thread 0x0000025cea02c000 nmethod 1879 0x0000025cd2f7f190 code [0x0000025cd2f7f360, 0x0000025cd2f7f568]
Event: 1.053 Thread 0x0000025cea02c000 1878       1       java.lang.invoke.MethodHandleNatives::isPullModeBSM (2 bytes)
Event: 1.053 Thread 0x0000025cea02c000 nmethod 1878 0x0000025cda1cb010 code [0x0000025cda1cb1c0, 0x0000025cda1cb258]
Event: 1.054 Thread 0x0000025cea02c000 1883       3       java.lang.StringBuilder::append (8 bytes)
Event: 1.054 Thread 0x0000025cea02c000 nmethod 1883 0x0000025cd2f7f690 code [0x0000025cd2f7f840, 0x0000025cd2f7f988]
Event: 1.054 Thread 0x0000025cea02c000 1884       3       java.lang.AbstractStringBuilder::append (54 bytes)
Event: 1.054 Thread 0x0000025cea02c000 nmethod 1884 0x0000025cd2f7fa10 code [0x0000025cd2f7fc40, 0x0000025cd2f80508]
Event: 1.062 Thread 0x0000025cea02c000 1885       3       java.lang.invoke.DirectMethodHandle::preparedLambdaForm (248 bytes)
Event: 1.063 Thread 0x0000025cea02c000 nmethod 1885 0x0000025cd2f80690 code [0x0000025cd2f80960, 0x0000025cd2f813f8]
Event: 1.067 Thread 0x0000025cea02c000 1887       3       java.lang.reflect.ProxyGenerator$ConstantPool::getFieldRef (33 bytes)
Event: 1.067 Thread 0x0000025cea02c000 nmethod 1887 0x0000025cd2f81890 code [0x0000025cd2f81b60, 0x0000025cd2f827c8]

GC Heap History (4 events):
Event: 0.345 GC heap before
{Heap before GC invocations=0 (full 0):
 garbage-first heap   total 262144K, used 29696K [0x0000000080000000, 0x0000000100000000)
  region size 1024K, 24 young (24576K), 0 survivors (0K)
 Metaspace       used 10235K, capacity 10493K, committed 10624K, reserved 1058816K
  class space    used 1072K, capacity 1139K, committed 1152K, reserved 1048576K
}
Event: 0.348 GC heap after
{Heap after GC invocations=1 (full 0):
 garbage-first heap   total 262144K, used 9346K [0x0000000080000000, 0x0000000100000000)
  region size 1024K, 3 young (3072K), 3 survivors (3072K)
 Metaspace       used 10235K, capacity 10493K, committed 10624K, reserved 1058816K
  class space    used 1072K, capacity 1139K, committed 1152K, reserved 1048576K
}
Event: 1.013 GC heap before
{Heap before GC invocations=1 (full 0):
 garbage-first heap   total 262144K, used 107650K [0x0000000080000000, 0x0000000100000000)
  region size 1024K, 100 young (102400K), 3 survivors (3072K)
 Metaspace       used 20639K, capacity 21085K, committed 21248K, reserved 1067008K
  class space    used 2542K, capacity 2695K, committed 2816K, reserved 1048576K
}
Event: 1.019 GC heap after
{Heap after GC invocations=2 (full 0):
 garbage-first heap   total 262144K, used 17221K [0x0000000080000000, 0x0000000100000000)
  region size 1024K, 11 young (11264K), 11 survivors (11264K)
 Metaspace       used 20639K, capacity 21085K, committed 21248K, reserved 1067008K
  class space    used 2542K, capacity 2695K, committed 2816K, reserved 1048576K
}

Deoptimization events (20 events):
Event: 1.000 Thread 0x0000025ced707000 Uncommon trap: trap_request=0xffffffc6 fr.pc=0x0000025cda150424 relative=0x0000000000000084
Event: 1.000 Thread 0x0000025ced707000 Uncommon trap: reason=bimorphic_or_optimized_type_check action=maybe_recompile pc=0x0000025cda150424 method=java.util.AbstractList$Itr.hasNext()Z @ 8 c2
Event: 1.000 Thread 0x0000025ced707000 DEOPT PACKING pc=0x0000025cda150424 sp=0x0000006217afa3e0
Event: 1.000 Thread 0x0000025ced707000 DEOPT UNPACKING pc=0x0000025cd263662f sp=0x0000006217afa378 mode 2
Event: 1.000 Thread 0x0000025ced707000 Uncommon trap: trap_request=0xffffffc6 fr.pc=0x0000025cda1512f4 relative=0x0000000000000134
Event: 1.000 Thread 0x0000025ced707000 Uncommon trap: reason=bimorphic_or_optimized_type_check action=maybe_recompile pc=0x0000025cda1512f4 method=java.util.AbstractList$Itr.next()Ljava/lang/Object; @ 14 c2
Event: 1.000 Thread 0x0000025ced707000 DEOPT PACKING pc=0x0000025cda1512f4 sp=0x0000006217afa3d0
Event: 1.000 Thread 0x0000025ced707000 DEOPT UNPACKING pc=0x0000025cd263662f sp=0x0000006217afa368 mode 2
Event: 1.001 Thread 0x0000025ced707000 Uncommon trap: trap_request=0xffffff4d fr.pc=0x0000025cda150c70 relative=0x00000000000005b0
Event: 1.001 Thread 0x0000025ced707000 Uncommon trap: reason=unstable_if action=reinterpret pc=0x0000025cda150c70 method=java.io.File.getName()Ljava/lang/String; @ 16 c2
Event: 1.001 Thread 0x0000025ced707000 DEOPT PACKING pc=0x0000025cda150c70 sp=0x0000006217afada0
Event: 1.001 Thread 0x0000025ced707000 DEOPT UNPACKING pc=0x0000025cd263662f sp=0x0000006217afad70 mode 2
Event: 1.001 Thread 0x0000025ced707000 Uncommon trap: trap_request=0xffffff4d fr.pc=0x0000025cda141c08 relative=0x0000000000000448
Event: 1.001 Thread 0x0000025ced707000 Uncommon trap: reason=unstable_if action=reinterpret pc=0x0000025cda141c08 method=java.lang.String.substring(I)Ljava/lang/String; @ 34 c2
Event: 1.001 Thread 0x0000025ced707000 DEOPT PACKING pc=0x0000025cda141c08 sp=0x0000006217afad20
Event: 1.001 Thread 0x0000025ced707000 DEOPT UNPACKING pc=0x0000025cd263662f sp=0x0000006217afacf8 mode 2
Event: 1.063 Thread 0x0000025ced707000 Uncommon trap: trap_request=0xffffff4d fr.pc=0x0000025cda1c8d18 relative=0x0000000000000398
Event: 1.063 Thread 0x0000025ced707000 Uncommon trap: reason=unstable_if action=reinterpret pc=0x0000025cda1c8d18 method=jdk.internal.org.objectweb.asm.Type.getArgumentsAndReturnSizes(Ljava/lang/String;)I @ 88 c2
Event: 1.063 Thread 0x0000025ced707000 DEOPT PACKING pc=0x0000025cda1c8d18 sp=0x0000006217af92b0
Event: 1.063 Thread 0x0000025ced707000 DEOPT UNPACKING pc=0x0000025cd263662f sp=0x0000006217af9238 mode 2

Classes redefined (0 events):
No events

Internal exceptions (20 events):
Event: 0.256 Thread 0x0000025ccd31e800 Exception <a 'java/lang/NoSuchMethodError'{0x000000008eeb6578}: 'java.lang.Object java.lang.invoke.Invokers$Holder.invoker(java.lang.Object, java.lang.Object, java.lang.Object)'> (0x000000008eeb6578) thrown at [./src/hotspot/share/interpreter/linkResolver.cpp, line 773]
Event: 0.258 Thread 0x0000025ccd31e800 Exception <a 'java/lang/NoSuchMethodError'{0x000000008eec75f0}: 'void java.lang.invoke.DelegatingMethodHandle$Holder.delegate(java.lang.Object, java.lang.Object, int, java.lang.Object)'> (0x000000008eec75f0) thrown at [./src/hotspot/share/interpreter/linkResolver.cpp, line 773]
Event: 0.478 Thread 0x0000025ccd31e800 Exception <a 'java/security/PrivilegedActionException'{0x000000008da7ed28}> (0x000000008da7ed28) thrown at [./src/hotspot/share/prims/jvm.cpp, line 1306]
Event: 0.478 Thread 0x0000025ccd31e800 Exception <a 'java/security/PrivilegedActionException'{0x000000008da7f2a0}> (0x000000008da7f2a0) thrown at [./src/hotspot/share/prims/jvm.cpp, line 1306]
Event: 0.582 Thread 0x0000025ccd31e800 Exception <a 'java/lang/NoSuchMethodError'{0x000000008c94ada8}: 'java.lang.Object java.lang.invoke.DirectMethodHandle$Holder.invokeStaticInit(java.lang.Object, java.lang.Object, java.lang.Object)'> (0x000000008c94ada8) thrown at [./src/hotspot/share/interpreter/linkResolver.cpp, line 773]
Event: 0.656 Thread 0x0000025ccd31e800 Exception <a 'java/lang/NoSuchMethodError'{0x000000008c3aee10}: 'java.lang.Object java.lang.invoke.DirectMethodHandle$Holder.invokeStaticInit(java.lang.Object, int, int, int, int)'> (0x000000008c3aee10) thrown at [./src/hotspot/share/interpreter/linkResolver.cpp, line 773]
Event: 0.692 Thread 0x0000025ccd31e800 Exception <a 'java/lang/NoSuchMethodError'{0x000000008c3e45d0}: 'java.lang.Object java.lang.invoke.DirectMethodHandle$Holder.invokeStaticInit(java.lang.Object, java.lang.Object, int, int, int, int)'> (0x000000008c3e45d0) thrown at [./src/hotspot/share/interpreter/linkResolver.cpp, line 773]
Event: 0.759 Thread 0x0000025ccd31e800 Exception <a 'java/io/IOException'{0x000000008c016d30}> (0x000000008c016d30) thrown at [./src/hotspot/share/prims/jni.cpp, line 615]
Event: 0.824 Thread 0x0000025ced707000 Exception <a 'java/lang/NoSuchMethodError'{0x000000008bba2618}: 'void java.lang.invoke.DirectMethodHandle$Holder.invokeVirtual(java.lang.Object, java.lang.Object, java.lang.Object, java.lang.Object)'> (0x000000008bba2618) thrown at [./src/hotspot/share/interpreter/linkResolver.cpp, line 773]
Event: 0.825 Thread 0x0000025ced707000 Exception <a 'java/lang/NoSuchMethodError'{0x000000008bbb1700}: 'void java.lang.invoke.DelegatingMethodHandle$Holder.reinvoke_L(java.lang.Object, java.lang.Object, java.lang.Object, java.lang.Object)'> (0x000000008bbb1700) thrown at [./src/hotspot/share/interpreter/linkResolver.cpp, line 773]
Event: 0.828 Thread 0x0000025ced707000 Exception <a 'java/lang/NoSuchMethodError'{0x000000008bbe2638}: 'long java.lang.invoke.DirectMethodHandle$Holder.invokeInterface(java.lang.Object, java.lang.Object)'> (0x000000008bbe2638) thrown at [./src/hotspot/share/interpreter/linkResolver.cpp, line 773]
Event: 0.829 Thread 0x0000025ced707000 Exception <a 'java/lang/NoSuchMethodError'{0x000000008ba06160}: 'void java.lang.invoke.DelegatingMethodHandle$Holder.reinvoke_L(java.lang.Object, java.lang.Object, java.lang.Object, java.lang.Object, java.lang.Object, java.lang.Object, java.lang.Object)'> (0x000000008ba06160) thrown at [./src/hotspot/share/interpreter/linkResolver.cpp, line 773]
Event: 0.961 Thread 0x0000025ced707000 Exception <a 'java/lang/NoSuchMethodError'{0x000000008a297f00}: 'void java.lang.invoke.DirectMethodHandle$Holder.invokeStaticInit(java.lang.Object)'> (0x000000008a297f00) thrown at [./src/hotspot/share/interpreter/linkResolver.cpp, line 773]
Event: 0.983 Thread 0x0000025ced707000 Exception <a 'java/lang/NoSuchMethodError'{0x000000008a0b8a88}: 'java.lang.Object java.lang.invoke.DirectMethodHandle$Holder.invokeStatic(java.lang.Object, java.lang.Object, java.lang.Object, int)'> (0x000000008a0b8a88) thrown at [./src/hotspot/share/interpreter/linkResolver.cpp, line 773]
Event: 0.983 Thread 0x0000025ced707000 Exception <a 'java/lang/NoSuchMethodError'{0x000000008a0bcef8}: 'java.lang.Object java.lang.invoke.DirectMethodHandle$Holder.invokeSpecial(java.lang.Object, java.lang.Object, java.lang.Object, java.lang.Object, int)'> (0x000000008a0bcef8) thrown at [./src/hotspot/share/interpreter/linkResolver.cpp, line 773]
Event: 0.983 Thread 0x0000025ced707000 Exception <a 'java/lang/NoSuchMethodError'{0x000000008a0c0b88}: 'java.lang.Object java.lang.invoke.Invokers$Holder.linkToTargetMethod(java.lang.Object, java.lang.Object, int, java.lang.Object)'> (0x000000008a0c0b88) thrown at [./src/hotspot/share/interpreter/linkResolver.cpp, line 773]
Event: 1.031 Thread 0x0000025ced707000 Exception <a 'java/lang/NoSuchMethodError'{0x000000008fe09d60}: 'int java.lang.invoke.DirectMethodHandle$Holder.invokeSpecialIFC(java.lang.Object, java.lang.Object, java.lang.Object, java.lang.Object)'> (0x000000008fe09d60) thrown at [./src/hotspot/share/interpreter/linkResolver.cpp, line 773]
Event: 1.032 Thread 0x0000025ced707000 Exception <a 'java/lang/NoSuchMethodError'{0x000000008fe17d48}: 'java.lang.Object java.lang.invoke.DirectMethodHandle$Holder.invokeInterface(java.lang.Object, java.lang.Object, java.lang.Object)'> (0x000000008fe17d48) thrown at [./src/hotspot/share/interpreter/linkResolver.cpp, line 773]
Event: 1.032 Thread 0x0000025ced707000 Exception <a 'java/lang/IncompatibleClassChangeError'{0x000000008fe1b220}: Found class java.lang.Object, but interface was expected> (0x000000008fe1b220) thrown at [./src/hotspot/share/interpreter/linkResolver.cpp, line 839]
Event: 1.047 Thread 0x0000025ced707000 Exception <a 'java/lang/NoSuchMethodError'{0x000000008fc18b70}: 'void java.lang.invoke.DirectMethodHandle$Holder.invokeStatic(java.lang.Object, java.lang.Object, java.lang.Object, java.lang.Object, java.lang.Object)'> (0x000000008fc18b70) thrown at [./src/hotspot/share/interpreter/linkResolver.cpp, line 773]

Events (20 events):
Event: 1.065 loading class org/gradle/api/artifacts/DependencySubstitutions
Event: 1.065 loading class org/gradle/api/artifacts/DependencySubstitutions done
Event: 1.065 loading class org/gradle/composite/internal/DefaultIncludedBuildRegistry
Event: 1.065 loading class org/gradle/composite/internal/DefaultIncludedBuildRegistry done
Event: 1.066 loading class org/gradle/internal/build/NestedRootBuild
Event: 1.066 loading class org/gradle/internal/build/NestedRootBuild done
Event: 1.066 loading class org/gradle/api/artifacts/component/BuildIdentifier
Event: 1.066 loading class org/gradle/api/artifacts/component/BuildIdentifier done
Event: 1.067 loading class org/gradle/internal/buildtree/DeprecationsReporter
Event: 1.067 loading class org/gradle/internal/buildtree/DeprecationsReporter done
Event: 1.067 loading class org/gradle/configurationcache/problems/ConfigurationCacheReport$State$Idle
Event: 1.067 loading class org/gradle/configurationcache/problems/ConfigurationCacheReport$State$Idle done
Event: 1.068 loading class org/gradle/configurationcache/problems/ConfigurationCacheReport$State
Event: 1.068 loading class org/gradle/configurationcache/problems/ConfigurationCacheReport$State done
Event: 1.068 loading class kotlin/KotlinNothingValueException
Event: 1.068 loading class kotlin/KotlinNothingValueException done
Event: 1.068 loading class org/gradle/configurationcache/ConfigurationCacheKey$string$2
Event: 1.068 loading class org/gradle/configurationcache/ConfigurationCacheKey$string$2 done
Event: 1.068 loading class org/gradle/configurationcache/problems/ConfigurationCacheProblemsSummary
Event: 1.068 loading class org/gradle/configurationcache/problems/ConfigurationCacheProblemsSummary done


Dynamic libraries:
0x00007ff654dd0000 - 0x00007ff654dda000 	C:\Users\Realist\AppData\Local\JetBrains\Toolbox\apps\AndroidStudio\ch-0\211.7628.21.2111.8092744\jre\bin\java.exe
0x00007ff9427d0000 - 0x00007ff9429c5000 	C:\Windows\SYSTEM32\ntdll.dll
0x00007ff942480000 - 0x00007ff94253e000 	C:\Windows\System32\KERNEL32.DLL
0x00007ff940240000 - 0x00007ff940508000 	C:\Windows\System32\KERNELBASE.dll
0x00007ff9406c0000 - 0x00007ff9407c0000 	C:\Windows\System32\ucrtbase.dll
0x00007ff933ec0000 - 0x00007ff933ed9000 	C:\Users\Realist\AppData\Local\JetBrains\Toolbox\apps\AndroidStudio\ch-0\211.7628.21.2111.8092744\jre\bin\jli.dll
0x00007ff933ea0000 - 0x00007ff933eb7000 	C:\Users\Realist\AppData\Local\JetBrains\Toolbox\apps\AndroidStudio\ch-0\211.7628.21.2111.8092744\jre\bin\VCRUNTIME140.dll
0x00007ff940a60000 - 0x00007ff940c01000 	C:\Windows\System32\USER32.dll
0x00007ff93ff70000 - 0x00007ff93ff92000 	C:\Windows\System32\win32u.dll
0x00007ff927a00000 - 0x00007ff927c9a000 	C:\Windows\WinSxS\amd64_microsoft.windows.common-controls_6595b64144ccf1df_6.0.19041.1110_none_60b5254171f9507e\COMCTL32.dll
0x00007ff940a30000 - 0x00007ff940a5b000 	C:\Windows\System32\GDI32.dll
0x00007ff940fc0000 - 0x00007ff94105e000 	C:\Windows\System32\msvcrt.dll
0x00007ff9405b0000 - 0x00007ff9406bd000 	C:\Windows\System32\gdi32full.dll
0x00007ff940510000 - 0x00007ff9405ad000 	C:\Windows\System32\msvcp_win.dll
0x00007ff940c90000 - 0x00007ff940cc0000 	C:\Windows\System32\IMM32.DLL
0x00007ff92ef50000 - 0x00007ff92efed000 	C:\Users\Realist\AppData\Local\JetBrains\Toolbox\apps\AndroidStudio\ch-0\211.7628.21.2111.8092744\jre\bin\msvcp140.dll
0x00007ff8df2e0000 - 0x00007ff8dfdb5000 	C:\Users\Realist\AppData\Local\JetBrains\Toolbox\apps\AndroidStudio\ch-0\211.7628.21.2111.8092744\jre\bin\server\jvm.dll
0x00007ff940cc0000 - 0x00007ff940d6c000 	C:\Windows\System32\ADVAPI32.dll
0x00007ff9423d0000 - 0x00007ff94246b000 	C:\Windows\System32\sechost.dll
0x00007ff942660000 - 0x00007ff94278a000 	C:\Windows\System32\RPCRT4.dll
0x00007ff9408e0000 - 0x00007ff9408e8000 	C:\Windows\System32\PSAPI.DLL
0x00007ff937770000 - 0x00007ff937797000 	C:\Windows\SYSTEM32\WINMM.dll
0x00007ff936610000 - 0x00007ff936619000 	C:\Windows\SYSTEM32\WSOCK32.dll
0x00007ff938d30000 - 0x00007ff938d3a000 	C:\Windows\SYSTEM32\VERSION.dll
0x00007ff941060000 - 0x00007ff9410cb000 	C:\Windows\System32\WS2_32.dll
0x00007ff93ddf0000 - 0x00007ff93de02000 	C:\Windows\SYSTEM32\kernel.appcore.dll
0x00007ff91a5c0000 - 0x00007ff91a5d1000 	C:\Users\Realist\AppData\Local\JetBrains\Toolbox\apps\AndroidStudio\ch-0\211.7628.21.2111.8092744\jre\bin\verify.dll
0x00007ff93a120000 - 0x00007ff93a304000 	C:\Windows\SYSTEM32\DBGHELP.DLL
0x00007ff92f450000 - 0x00007ff92f47c000 	C:\Windows\SYSTEM32\dbgcore.DLL
0x00007ff93fee0000 - 0x00007ff93ff62000 	C:\Windows\System32\bcryptPrimitives.dll
0x00007ff8f29a0000 - 0x00007ff8f29c9000 	C:\Users\Realist\AppData\Local\JetBrains\Toolbox\apps\AndroidStudio\ch-0\211.7628.21.2111.8092744\jre\bin\java.dll
0x00007ff91a5b0000 - 0x00007ff91a5bb000 	C:\Users\Realist\AppData\Local\JetBrains\Toolbox\apps\AndroidStudio\ch-0\211.7628.21.2111.8092744\jre\bin\jimage.dll
0x00007ff8f2980000 - 0x00007ff8f2998000 	C:\Users\Realist\AppData\Local\JetBrains\Toolbox\apps\AndroidStudio\ch-0\211.7628.21.2111.8092744\jre\bin\zip.dll
0x00007ff941630000 - 0x00007ff941d74000 	C:\Windows\System32\SHELL32.dll
0x00007ff93dff0000 - 0x00007ff93e784000 	C:\Windows\SYSTEM32\windows.storage.dll
0x00007ff941de0000 - 0x00007ff942135000 	C:\Windows\System32\combase.dll
0x00007ff93f8c0000 - 0x00007ff93f8ee000 	C:\Windows\SYSTEM32\Wldp.dll
0x00007ff9408f0000 - 0x00007ff94099d000 	C:\Windows\System32\SHCORE.dll
0x00007ff940f50000 - 0x00007ff940fa5000 	C:\Windows\System32\shlwapi.dll
0x00007ff93fe20000 - 0x00007ff93fe3f000 	C:\Windows\SYSTEM32\profapi.dll
0x00007ff92f4c0000 - 0x00007ff92f4da000 	C:\Users\Realist\AppData\Local\JetBrains\Toolbox\apps\AndroidStudio\ch-0\211.7628.21.2111.8092744\jre\bin\net.dll
0x00007ff938d70000 - 0x00007ff938e7c000 	C:\Windows\SYSTEM32\WINHTTP.dll
0x00007ff93f620000 - 0x00007ff93f68a000 	C:\Windows\system32\mswsock.dll
0x00007ff92f4a0000 - 0x00007ff92f4b4000 	C:\Users\Realist\AppData\Local\JetBrains\Toolbox\apps\AndroidStudio\ch-0\211.7628.21.2111.8092744\jre\bin\nio.dll
0x00007ff936be0000 - 0x00007ff936c07000 	C:\Users\Realist\.gradle\native\e1d6ef7f7dcc3fd88c89a11ec53ec762bb8ba0a96d01ffa2cd45eb1d1d8dd5c5\windows-amd64\native-platform.dll
0x00007ff91f000000 - 0x00007ff91f144000 	C:\Users\Realist\.gradle\native\5664cfc778a61ccfe75a443a1ab52a65af34e5dc3c78e0209fed803814484fcb\windows-amd64\native-platform-file-events.dll
0x00007ff92f3e0000 - 0x00007ff92f3ea000 	C:\Users\Realist\AppData\Local\JetBrains\Toolbox\apps\AndroidStudio\ch-0\211.7628.21.2111.8092744\jre\bin\management.dll
0x00007ff92f3d0000 - 0x00007ff92f3dd000 	C:\Users\Realist\AppData\Local\JetBrains\Toolbox\apps\AndroidStudio\ch-0\211.7628.21.2111.8092744\jre\bin\management_ext.dll
0x00007ff93f820000 - 0x00007ff93f838000 	C:\Windows\SYSTEM32\CRYPTSP.dll
0x00007ff93ef40000 - 0x00007ff93ef74000 	C:\Windows\system32\rsaenh.dll
0x00007ff93ffa0000 - 0x00007ff93ffc7000 	C:\Windows\System32\bcrypt.dll
0x00007ff93fde0000 - 0x00007ff93fe0e000 	C:\Windows\SYSTEM32\USERENV.dll
0x00007ff93f810000 - 0x00007ff93f81c000 	C:\Windows\SYSTEM32\CRYPTBASE.dll
0x00007ff93f2b0000 - 0x00007ff93f2eb000 	C:\Windows\SYSTEM32\IPHLPAPI.DLL
0x00007ff942470000 - 0x00007ff942478000 	C:\Windows\System32\NSI.dll
0x00007ff93a460000 - 0x00007ff93a477000 	C:\Windows\SYSTEM32\dhcpcsvc6.DLL
0x00007ff939a90000 - 0x00007ff939aad000 	C:\Windows\SYSTEM32\dhcpcsvc.DLL
0x00007ff93f2f0000 - 0x00007ff93f3bb000 	C:\Windows\SYSTEM32\DNSAPI.dll

dbghelp: loaded successfully - version: 4.0.5 - missing functions: none
symbol engine: initialized successfully - sym options: 0x614 - pdb path: .;C:\Users\Realist\AppData\Local\JetBrains\Toolbox\apps\AndroidStudio\ch-0\211.7628.21.2111.8092744\jre\bin;C:\Windows\SYSTEM32;C:\Windows\WinSxS\amd64_microsoft.windows.common-controls_6595b64144ccf1df_6.0.19041.1110_none_60b5254171f9507e;C:\Users\Realist\AppData\Local\JetBrains\Toolbox\apps\AndroidStudio\ch-0\211.7628.21.2111.8092744\jre\bin\server;C:\Users\Realist\.gradle\native\e1d6ef7f7dcc3fd88c89a11ec53ec762bb8ba0a96d01ffa2cd45eb1d1d8dd5c5\windows-amd64;C:\Users\Realist\.gradle\native\5664cfc778a61ccfe75a443a1ab52a65af34e5dc3c78e0209fed803814484fcb\windows-amd64

VM Arguments:
jvm_args: --add-opens=java.base/java.util=ALL-UNNAMED --add-opens=java.base/java.lang=ALL-UNNAMED --add-opens=java.base/java.lang.invoke=ALL-UNNAMED --add-opens=java.base/java.util=ALL-UNNAMED --add-opens=java.prefs/java.util.prefs=ALL-UNNAMED --add-opens=java.prefs/java.util.prefs=ALL-UNNAMED --add-opens=java.base/java.nio.charset=ALL-UNNAMED --add-opens=java.base/java.net=ALL-UNNAMED --add-opens=java.base/java.util.concurrent.atomic=ALL-UNNAMED -Xmx2048m -Dfile.encoding=UTF-8 -Duser.country=RU -Duser.language=ru -Duser.variant 
java_command: org.gradle.launcher.daemon.bootstrap.GradleDaemon 7.2
java_class_path (initial): C:\Users\Realist\.gradle\wrapper\dists\gradle-7.2-bin\2dnblmf4td7x66yl1d74lt32g\gradle-7.2\lib\gradle-launcher-7.2.jar
Launcher Type: SUN_STANDARD

[Global flags]
     intx CICompilerCount                          = 4                                         {product} {ergonomic}
     uint ConcGCThreads                            = 2                                         {product} {ergonomic}
     uint G1ConcRefinementThreads                  = 8                                         {product} {ergonomic}
   size_t G1HeapRegionSize                         = 1048576                                   {product} {ergonomic}
    uintx GCDrainStackTargetSize                   = 64                                        {product} {ergonomic}
   size_t InitialHeapSize                          = 268435456                                 {product} {ergonomic}
   size_t MarkStackSize                            = 4194304                                   {product} {ergonomic}
   size_t MaxHeapSize                              = 2147483648                                {product} {command line}
   size_t MaxNewSize                               = 1287651328                                {product} {ergonomic}
   size_t MinHeapDeltaBytes                        = 1048576                                   {product} {ergonomic}
    uintx NonNMethodCodeHeapSize                   = 5836300                                {pd product} {ergonomic}
    uintx NonProfiledCodeHeapSize                  = 122910970                              {pd product} {ergonomic}
    uintx ProfiledCodeHeapSize                     = 122910970                              {pd product} {ergonomic}
    uintx ReservedCodeCacheSize                    = 251658240                              {pd product} {ergonomic}
     bool SegmentedCodeCache                       = true                                      {product} {ergonomic}
     bool UseCompressedClassPointers               = true                                 {lp64_product} {ergonomic}
     bool UseCompressedOops                        = true                                 {lp64_product} {ergonomic}
     bool UseG1GC                                  = true                                      {product} {ergonomic}
     bool UseLargePagesIndividualAllocation        = false                                  {pd product} {ergonomic}

Logging:
Log output configuration:
 #0: stdout all=warning uptime,level,tags
 #1: stderr all=off uptime,level,tags

Environment Variables:
PATH=C:\Program Files\Common Files\Oracle\Java\javapath;C:\Program Files (x86)\Common Files\Oracle\Java\javapath;C:\Windows\system32;C:\Windows;C:\Windows\System32\Wbem;C:\Windows\System32\WindowsPowerShell\v1.0\;C:\Windows\System32\OpenSSH\;C:\Program Files\Git\cmd;C:\Program Files\Java\jdk-17\bin;C:\Program Files\Java\jdk-14.0.1\bin;C:\Program Files\Java\jre1.8.0_271\bin;C:\Program Files\MySQL\MySQL Server 8.0\bin;C:\Windows\System32;C:\Program Files\MySQL\MySQL Shell 8.0\bin\;C:\Users\Realist\AppData\Local\Microsoft\WindowsApps;C:\Program Files\JetBrains\IntelliJ IDEA 2020.1.1\bin;C:\Program Files\JetBrains\IntelliJ IDEA Community Edition 2020.2.1\bin
USERNAME=Realist
OS=Windows_NT
PROCESSOR_IDENTIFIER=Intel64 Family 6 Model 158 Stepping 13, GenuineIntel



---------------  S Y S T E M  ---------------

OS: Windows 10 , 64 bit Build 19041 (10.0.19041.1348)
OS uptime: 0 days 11:22 hours

CPU:total 8 (initial active 8) (8 cores per cpu, 1 threads per core) family 6 model 158 stepping 13 microcode 0xb0, cmov, cx8, fxsr, mmx, sse, sse2, sse3, ssse3, sse4.1, sse4.2, popcnt, avx, avx2, aes, clmul, erms, rtm, 3dnowpref, lzcnt, tsc, tscinvbit, bmi1, bmi2, adx, fma

Memory: 4k page, system-wide physical 16318M (4046M free)
TotalPageFile size 20414M (AvailPageFile size 5M)
current process WorkingSet (physical memory assigned to process): 232M, peak: 232M
current process commit charge ("private bytes"): 412M, peak: 413M

vm_info: OpenJDK 64-Bit Server VM (11.0.11+9-b60-7590822) for windows-amd64 JRE (11.0.11+9-b60-7590822), built on Jul 29 2021 21:43:44 by "builder" with MS VC++ 14.0 (VS2015)

END.
